<?xml version="1.0" encoding="UTF-8"?>
<coverage generated="1636296196649" clover="3.2.0">
  <project timestamp="1636296196650" name="All files">
    <metrics statements="10" coveredstatements="10" conditionals="8" coveredconditionals="8" methods="3" coveredmethods="3" elements="21" coveredelements="21" complexity="0" loc="10" ncloc="10" packages="1" files="1" classes="1"/>
    <file name="Button.tsx" path="/home/luis/git/gg-ui/src/components/Button/Button.tsx">
      <metrics statements="10" coveredstatements="10" conditionals="8" coveredconditionals="8" methods="3" coveredmethods="3"/>
      <line num="1" count="1" type="stmt"/>
      <line num="2" count="1" type="stmt"/>
      <line num="8" count="1" type="cond" truecount="2" falsecount="0"/>
      <line num="17" count="1" type="cond" truecount="2" falsecount="0"/>
      <line num="18" count="6" type="stmt"/>
      <line num="19" count="6" type="cond" truecount="2" falsecount="0"/>
      <line num="25" count="6" type="stmt"/>
      <line num="26" count="6" type="cond" truecount="2" falsecount="0"/>
      <line num="30" count="6" type="stmt"/>
      <line num="31" count="6" type="stmt"/>
    </file>
  </project>
</coverage>
