<?xml version="1.0" encoding="UTF-8"?>
<coverage generated="1636480612698" clover="3.2.0">
  <project timestamp="1636480612698" name="All files">
    <metrics statements="28" coveredstatements="25" conditionals="24" coveredconditionals="22" methods="4" coveredmethods="4" elements="56" coveredelements="51" complexity="0" loc="28" ncloc="28" packages="1" files="2" classes="2"/>
    <file name="Button.tsx" path="/home/luis/git/gg-ui/src/Button.tsx">
      <metrics statements="27" coveredstatements="25" conditionals="24" coveredconditionals="22" methods="4" coveredmethods="4"/>
      <line num="1" count="1" type="stmt"/>
      <line num="2" count="1" type="stmt"/>
      <line num="11" count="1" type="cond" truecount="2" falsecount="0"/>
      <line num="12" count="7" type="stmt"/>
      <line num="13" count="7" type="cond" truecount="2" falsecount="0"/>
      <line num="14" count="2" type="stmt"/>
      <line num="15" count="5" type="cond" truecount="2" falsecount="0"/>
      <line num="16" count="2" type="stmt"/>
      <line num="17" count="3" type="cond" truecount="2" falsecount="0"/>
      <line num="18" count="2" type="stmt"/>
      <line num="19" count="1" type="cond" truecount="1" falsecount="1"/>
      <line num="20" count="0" type="stmt"/>
      <line num="22" count="1" type="stmt"/>
      <line num="26" count="7" type="cond" truecount="2" falsecount="0"/>
      <line num="35" count="1" type="cond" truecount="2" falsecount="0"/>
      <line num="40" count="7" type="stmt"/>
      <line num="41" count="7" type="cond" truecount="2" falsecount="0"/>
      <line num="42" count="2" type="stmt"/>
      <line num="43" count="5" type="cond" truecount="2" falsecount="0"/>
      <line num="44" count="2" type="stmt"/>
      <line num="45" count="3" type="cond" truecount="2" falsecount="0"/>
      <line num="46" count="2" type="stmt"/>
      <line num="47" count="1" type="cond" truecount="1" falsecount="1"/>
      <line num="48" count="0" type="stmt"/>
      <line num="50" count="1" type="stmt"/>
      <line num="59" count="7" type="stmt"/>
      <line num="60" count="7" type="stmt"/>
    </file>
    <file name="index.tsx" path="/home/luis/git/gg-ui/src/index.tsx">
      <metrics statements="1" coveredstatements="0" conditionals="0" coveredconditionals="0" methods="0" coveredmethods="0"/>
      <line num="1" count="0" type="stmt"/>
    </file>
  </project>
</coverage>
