{"/home/luis/git/gg-ui/src/components/Button/Button.tsx": {"path":"/home/luis/git/gg-ui/src/components/Button/Button.tsx","statementMap":{"0":{"start":{"line":1,"column":0},"end":{"line":1,"column":41}},"1":{"start":{"line":2,"column":0},"end":{"line":2,"column":39}},"2":{"start":{"line":8,"column":19},"end":{"line":15,"column":2}},"3":{"start":{"line":17,"column":24},"end":{"line":26,"column":null}},"4":{"start":{"line":18,"column":26},"end":{"line":18,"column":28}},"5":{"start":{"line":19,"column":4},"end":{"line":19,"column":null}},"6":{"start":{"line":25,"column":28},"end":{"line":25,"column":30}},"7":{"start":{"line":26,"column":6},"end":{"line":26,"column":null}},"8":{"start":{"line":30,"column":22},"end":{"line":36,"column":1}},"9":{"start":{"line":30,"column":33},"end":{"line":30,"column":35}},"10":{"start":{"line":30,"column":42},"end":{"line":30,"column":47}},"11":{"start":{"line":30,"column":52},"end":{"line":30,"column":61}},"12":{"start":{"line":31,"column":2},"end":{"line":35,"column":4}},"13":{"start":{"line":30,"column":13},"end":{"line":30,"column":22}}},"fnMap":{"0":{"name":"(anonymous_0)","decl":{"start":{"line":18,"column":16},"end":{"line":18,"column":17}},"loc":{"start":{"line":18,"column":28},"end":{"line":19,"column":11}}},"1":{"name":"(anonymous_1)","decl":{"start":{"line":25,"column":18},"end":{"line":25,"column":19}},"loc":{"start":{"line":25,"column":30},"end":{"line":26,"column":13}}},"2":{"name":"(anonymous_2)","decl":{"start":{"line":30,"column":22},"end":{"line":30,"column":23}},"loc":{"start":{"line":30,"column":61},"end":{"line":36,"column":1}}}},"branchMap":{"0":{"loc":{"start":{"line":8,"column":32},"end":{"line":15,"column":2}},"type":"binary-expr","locations":[{"start":{"line":8,"column":32},"end":{"line":8,"column":39}},{"start":{"line":8,"column":32},"end":{"line":15,"column":2}}]},"1":{"loc":{"start":{"line":17,"column":42},"end":{"line":28,"column":2}},"type":"binary-expr","locations":[{"start":{"line":17,"column":42},"end":{"line":17,"column":null}},{"start":{"line":17,"column":42},"end":{"line":28,"column":2}}]},"2":{"loc":{"start":{"line":19,"column":4},"end":{"line":19,"column":49}},"type":"cond-expr","locations":[{"start":{"line":19,"column":28},"end":{"line":19,"column":37}},{"start":{"line":19,"column":40},"end":{"line":19,"column":49}}]},"3":{"loc":{"start":{"line":26,"column":6},"end":{"line":26,"column":51}},"type":"cond-expr","locations":[{"start":{"line":26,"column":30},"end":{"line":26,"column":39}},{"start":{"line":26,"column":42},"end":{"line":26,"column":51}}]}},"s":{"0":1,"1":1,"2":1,"3":1,"4":6,"5":6,"6":6,"7":6,"8":1,"9":6,"10":6,"11":6,"12":6,"13":1},"f":{"0":6,"1":6,"2":6},"b":{"0":[1,1],"1":[1,1],"2":[3,3],"3":[3,3]}}
}
