{"/home/luis/git/gg-ui/src/Button.tsx": {"path":"/home/luis/git/gg-ui/src/Button.tsx","statementMap":{"0":{"start":{"line":1,"column":0},"end":{"line":1,"column":41}},"1":{"start":{"line":2,"column":0},"end":{"line":2,"column":39}},"2":{"start":{"line":11,"column":19},"end":{"line":26,"column":null}},"3":{"start":{"line":12,"column":29},"end":{"line":12,"column":31}},"4":{"start":{"line":13,"column":4},"end":{"line":23,"column":null}},"5":{"start":{"line":14,"column":6},"end":{"line":14,"column":23}},"6":{"start":{"line":15,"column":11},"end":{"line":23,"column":null}},"7":{"start":{"line":16,"column":6},"end":{"line":16,"column":23}},"8":{"start":{"line":17,"column":11},"end":{"line":23,"column":null}},"9":{"start":{"line":18,"column":6},"end":{"line":18,"column":23}},"10":{"start":{"line":19,"column":11},"end":{"line":23,"column":null}},"11":{"start":{"line":20,"column":6},"end":{"line":20,"column":23}},"12":{"start":{"line":22,"column":6},"end":{"line":22,"column":12}},"13":{"start":{"line":26,"column":19},"end":{"line":26,"column":21}},"14":{"start":{"line":26,"column":26},"end":{"line":26,"column":null}},"15":{"start":{"line":35,"column":24},"end":{"line":53,"column":null}},"16":{"start":{"line":40,"column":15},"end":{"line":40,"column":17}},"17":{"start":{"line":41,"column":4},"end":{"line":51,"column":null}},"18":{"start":{"line":42,"column":6},"end":{"line":42,"column":23}},"19":{"start":{"line":43,"column":11},"end":{"line":51,"column":null}},"20":{"start":{"line":44,"column":6},"end":{"line":44,"column":23}},"21":{"start":{"line":45,"column":11},"end":{"line":51,"column":null}},"22":{"start":{"line":46,"column":6},"end":{"line":46,"column":23}},"23":{"start":{"line":47,"column":11},"end":{"line":51,"column":null}},"24":{"start":{"line":48,"column":6},"end":{"line":48,"column":20}},"25":{"start":{"line":50,"column":6},"end":{"line":50,"column":12}},"26":{"start":{"line":59,"column":30},"end":{"line":59,"column":32}},"27":{"start":{"line":59,"column":40},"end":{"line":59,"column":42}},"28":{"start":{"line":59,"column":52},"end":{"line":59,"column":57}},"29":{"start":{"line":59,"column":62},"end":{"line":59,"column":77}},"30":{"start":{"line":60,"column":2},"end":{"line":64,"column":4}},"31":{"start":{"line":59,"column":0},"end":{"line":59,"column":16}}},"fnMap":{"0":{"name":"(anonymous_0)","decl":{"start":{"line":12,"column":16},"end":{"line":12,"column":17}},"loc":{"start":{"line":12,"column":31},"end":{"line":24,"column":3}}},"1":{"name":"(anonymous_1)","decl":{"start":{"line":26,"column":11},"end":{"line":26,"column":12}},"loc":{"start":{"line":26,"column":21},"end":{"line":26,"column":31}}},"2":{"name":"(anonymous_2)","decl":{"start":{"line":40,"column":2},"end":{"line":40,"column":3}},"loc":{"start":{"line":40,"column":17},"end":{"line":53,"column":3}}},"3":{"name":"Button","decl":{"start":{"line":59,"column":16},"end":{"line":59,"column":22}},"loc":{"start":{"line":59,"column":77},"end":{"line":65,"column":1}}}},"branchMap":{"0":{"loc":{"start":{"line":11,"column":32},"end":{"line":33,"column":2}},"type":"binary-expr","locations":[{"start":{"line":11,"column":32},"end":{"line":11,"column":45}},{"start":{"line":11,"column":32},"end":{"line":33,"column":2}}]},"1":{"loc":{"start":{"line":13,"column":4},"end":{"line":23,"column":null}},"type":"if","locations":[{"start":{"line":13,"column":4},"end":{"line":23,"column":null}},{"start":{"line":15,"column":11},"end":{"line":23,"column":null}}]},"2":{"loc":{"start":{"line":15,"column":11},"end":{"line":23,"column":null}},"type":"if","locations":[{"start":{"line":15,"column":11},"end":{"line":23,"column":null}},{"start":{"line":17,"column":11},"end":{"line":23,"column":null}}]},"3":{"loc":{"start":{"line":17,"column":11},"end":{"line":23,"column":null}},"type":"if","locations":[{"start":{"line":17,"column":11},"end":{"line":23,"column":null}},{"start":{"line":19,"column":11},"end":{"line":23,"column":null}}]},"4":{"loc":{"start":{"line":19,"column":11},"end":{"line":23,"column":null}},"type":"if","locations":[{"start":{"line":19,"column":11},"end":{"line":23,"column":null}},{"start":{"line":21,"column":11},"end":{"line":23,"column":null}}]},"5":{"loc":{"start":{"line":26,"column":26},"end":{"line":26,"column":42}},"type":"binary-expr","locations":[{"start":{"line":26,"column":26},"end":{"line":26,"column":31}},{"start":{"line":26,"column":35},"end":{"line":26,"column":42}}]},"6":{"loc":{"start":{"line":35,"column":42},"end":{"line":57,"column":2}},"type":"binary-expr","locations":[{"start":{"line":35,"column":42},"end":{"line":35,"column":null}},{"start":{"line":35,"column":42},"end":{"line":57,"column":2}}]},"7":{"loc":{"start":{"line":41,"column":4},"end":{"line":51,"column":null}},"type":"if","locations":[{"start":{"line":41,"column":4},"end":{"line":51,"column":null}},{"start":{"line":43,"column":11},"end":{"line":51,"column":null}}]},"8":{"loc":{"start":{"line":43,"column":11},"end":{"line":51,"column":null}},"type":"if","locations":[{"start":{"line":43,"column":11},"end":{"line":51,"column":null}},{"start":{"line":45,"column":11},"end":{"line":51,"column":null}}]},"9":{"loc":{"start":{"line":45,"column":11},"end":{"line":51,"column":null}},"type":"if","locations":[{"start":{"line":45,"column":11},"end":{"line":51,"column":null}},{"start":{"line":47,"column":11},"end":{"line":51,"column":null}}]},"10":{"loc":{"start":{"line":47,"column":11},"end":{"line":51,"column":null}},"type":"if","locations":[{"start":{"line":47,"column":11},"end":{"line":51,"column":null}},{"start":{"line":49,"column":11},"end":{"line":51,"column":null}}]},"11":{"loc":{"start":{"line":62,"column":7},"end":{"line":62,"column":25}},"type":"binary-expr","locations":[{"start":{"line":62,"column":7},"end":{"line":62,"column":15}},{"start":{"line":62,"column":19},"end":{"line":62,"column":25}}]}},"s":{"0":1,"1":1,"2":1,"3":7,"4":7,"5":2,"6":5,"7":2,"8":3,"9":2,"10":1,"11":0,"12":1,"13":7,"14":7,"15":1,"16":7,"17":7,"18":2,"19":5,"20":2,"21":3,"22":2,"23":1,"24":0,"25":1,"26":7,"27":7,"28":7,"29":7,"30":7,"31":1},"f":{"0":7,"1":7,"2":7,"3":7},"b":{"0":[1,1],"1":[2,5],"2":[2,3],"3":[2,1],"4":[0,1],"5":[7,7],"6":[1,1],"7":[2,5],"8":[2,3],"9":[2,1],"10":[0,1],"11":[7,1]}}
,"/home/luis/git/gg-ui/src/index.tsx": {"path":"/home/luis/git/gg-ui/src/index.tsx","statementMap":{"0":{"start":{"line":1,"column":0},"end":{"line":1,"column":25}}},"fnMap":{},"branchMap":{},"s":{"0":0},"f":{},"b":{}}
}
