TN:
SF:src/Button.tsx
FN:12,(anonymous_0)
FN:26,(anonymous_1)
FN:40,(anonymous_2)
FN:59,Button
FNF:4
FNH:4
FNDA:7,(anonymous_0)
FNDA:7,(anonymous_1)
FNDA:7,(anonymous_2)
FNDA:7,Button
DA:1,1
DA:2,1
DA:11,1
DA:12,7
DA:13,7
DA:14,2
DA:15,5
DA:16,2
DA:17,3
DA:18,2
DA:19,1
DA:20,0
DA:22,1
DA:26,7
DA:35,1
DA:40,7
DA:41,7
DA:42,2
DA:43,5
DA:44,2
DA:45,3
DA:46,2
DA:47,1
DA:48,0
DA:50,1
DA:59,7
DA:60,7
LF:27
LH:25
BRDA:11,0,0,1
BRDA:11,0,1,1
BRDA:13,1,0,2
BRDA:13,1,1,5
BRDA:15,2,0,2
BRDA:15,2,1,3
BRDA:17,3,0,2
BRDA:17,3,1,1
BRDA:19,4,0,0
BRDA:19,4,1,1
BRDA:26,5,0,7
BRDA:26,5,1,7
BRDA:35,6,0,1
BRDA:35,6,1,1
BRDA:41,7,0,2
BRDA:41,7,1,5
BRDA:43,8,0,2
BRDA:43,8,1,3
BRDA:45,9,0,2
BRDA:45,9,1,1
BRDA:47,10,0,0
BRDA:47,10,1,1
BRDA:62,11,0,7
BRDA:62,11,1,1
BRF:24
BRH:22
end_of_record
TN:
SF:src/index.tsx
FNF:0
FNH:0
DA:1,0
LF:1
LH:0
BRF:0
BRH:0
end_of_record
